<?xml version="1.0" encoding="UTF-8"?>
<testsuite xmlns:xsi="http://www.w3.org/2001/XMLSchema-instance" xsi:noNamespaceSchemaLocation="https://maven.apache.org/surefire/maven-surefire-plugin/xsd/surefire-test-report.xsd" name="com.swizima.reportengine.ReportEngineApplicationTests" time="9.23" tests="1" errors="0" skipped="0" failures="0">
  <properties>
    <property name="sun.desktop" value="windows"/>
    <property name="awt.toolkit" value="sun.awt.windows.WToolkit"/>
    <property name="java.specification.version" value="11"/>
    <property name="sun.cpu.isalist" value="amd64"/>
    <property name="sun.jnu.encoding" value="Cp1252"/>
    <property name="java.class.path" value="F:\Projects\swizima\Report Engine\reportengine\target\test-classes;F:\Projects\swizima\Report Engine\reportengine\target\classes;C:\Users\MY PC\.m2\repository\org\springframework\boot\spring-boot-starter-web\2.7.7\spring-boot-starter-web-2.7.7.jar;C:\Users\MY PC\.m2\repository\org\springframework\boot\spring-boot-starter\2.7.7\spring-boot-starter-2.7.7.jar;C:\Users\MY PC\.m2\repository\org\springframework\boot\spring-boot\2.7.7\spring-boot-2.7.7.jar;C:\Users\MY PC\.m2\repository\org\springframework\boot\spring-boot-autoconfigure\2.7.7\spring-boot-autoconfigure-2.7.7.jar;C:\Users\MY PC\.m2\repository\org\springframework\boot\spring-boot-starter-logging\2.7.7\spring-boot-starter-logging-2.7.7.jar;C:\Users\MY PC\.m2\repository\ch\qos\logback\logback-classic\1.2.11\logback-classic-1.2.11.jar;C:\Users\MY PC\.m2\repository\ch\qos\logback\logback-core\1.2.11\logback-core-1.2.11.jar;C:\Users\MY PC\.m2\repository\org\apache\logging\log4j\log4j-to-slf4j\2.17.2\log4j-to-slf4j-2.17.2.jar;C:\Users\MY PC\.m2\repository\org\apache\logging\log4j\log4j-api\2.17.2\log4j-api-2.17.2.jar;C:\Users\MY PC\.m2\repository\org\slf4j\jul-to-slf4j\1.7.36\jul-to-slf4j-1.7.36.jar;C:\Users\MY PC\.m2\repository\jakarta\annotation\jakarta.annotation-api\1.3.5\jakarta.annotation-api-1.3.5.jar;C:\Users\MY PC\.m2\repository\org\yaml\snakeyaml\1.30\snakeyaml-1.30.jar;C:\Users\MY PC\.m2\repository\org\springframework\boot\spring-boot-starter-json\2.7.7\spring-boot-starter-json-2.7.7.jar;C:\Users\MY PC\.m2\repository\com\fasterxml\jackson\datatype\jackson-datatype-jdk8\2.13.4\jackson-datatype-jdk8-2.13.4.jar;C:\Users\MY PC\.m2\repository\com\fasterxml\jackson\datatype\jackson-datatype-jsr310\2.13.4\jackson-datatype-jsr310-2.13.4.jar;C:\Users\MY PC\.m2\repository\com\fasterxml\jackson\module\jackson-module-parameter-names\2.13.4\jackson-module-parameter-names-2.13.4.jar;C:\Users\MY PC\.m2\repository\org\springframework\boot\spring-boot-starter-tomcat\2.7.7\spring-boot-starter-tomcat-2.7.7.jar;C:\Users\MY PC\.m2\repository\org\apache\tomcat\embed\tomcat-embed-core\9.0.70\tomcat-embed-core-9.0.70.jar;C:\Users\MY PC\.m2\repository\org\apache\tomcat\embed\tomcat-embed-el\9.0.70\tomcat-embed-el-9.0.70.jar;C:\Users\MY PC\.m2\repository\org\apache\tomcat\embed\tomcat-embed-websocket\9.0.70\tomcat-embed-websocket-9.0.70.jar;C:\Users\MY PC\.m2\repository\org\springframework\spring-web\5.3.24\spring-web-5.3.24.jar;C:\Users\MY PC\.m2\repository\org\springframework\spring-beans\5.3.24\spring-beans-5.3.24.jar;C:\Users\MY PC\.m2\repository\org\springframework\spring-webmvc\5.3.24\spring-webmvc-5.3.24.jar;C:\Users\MY PC\.m2\repository\org\springframework\spring-context\5.3.24\spring-context-5.3.24.jar;C:\Users\MY PC\.m2\repository\org\springframework\spring-expression\5.3.24\spring-expression-5.3.24.jar;C:\Users\MY PC\.m2\repository\org\springframework\boot\spring-boot-starter-test\2.7.7\spring-boot-starter-test-2.7.7.jar;C:\Users\MY PC\.m2\repository\org\springframework\boot\spring-boot-test\2.7.7\spring-boot-test-2.7.7.jar;C:\Users\MY PC\.m2\repository\org\springframework\boot\spring-boot-test-autoconfigure\2.7.7\spring-boot-test-autoconfigure-2.7.7.jar;C:\Users\MY PC\.m2\repository\com\jayway\jsonpath\json-path\2.7.0\json-path-2.7.0.jar;C:\Users\MY PC\.m2\repository\net\minidev\json-smart\2.4.8\json-smart-2.4.8.jar;C:\Users\MY PC\.m2\repository\net\minidev\accessors-smart\2.4.8\accessors-smart-2.4.8.jar;C:\Users\MY PC\.m2\repository\org\ow2\asm\asm\9.1\asm-9.1.jar;C:\Users\MY PC\.m2\repository\jakarta\xml\bind\jakarta.xml.bind-api\2.3.3\jakarta.xml.bind-api-2.3.3.jar;C:\Users\MY PC\.m2\repository\jakarta\activation\jakarta.activation-api\1.2.2\jakarta.activation-api-1.2.2.jar;C:\Users\MY PC\.m2\repository\org\assertj\assertj-core\3.22.0\assertj-core-3.22.0.jar;C:\Users\MY PC\.m2\repository\org\hamcrest\hamcrest\2.2\hamcrest-2.2.jar;C:\Users\MY PC\.m2\repository\org\junit\jupiter\junit-jupiter\5.8.2\junit-jupiter-5.8.2.jar;C:\Users\MY PC\.m2\repository\org\junit\jupiter\junit-jupiter-api\5.8.2\junit-jupiter-api-5.8.2.jar;C:\Users\MY PC\.m2\repository\org\opentest4j\opentest4j\1.2.0\opentest4j-1.2.0.jar;C:\Users\MY PC\.m2\repository\org\junit\platform\junit-platform-commons\1.8.2\junit-platform-commons-1.8.2.jar;C:\Users\MY PC\.m2\repository\org\apiguardian\apiguardian-api\1.1.2\apiguardian-api-1.1.2.jar;C:\Users\MY PC\.m2\repository\org\junit\jupiter\junit-jupiter-params\5.8.2\junit-jupiter-params-5.8.2.jar;C:\Users\MY PC\.m2\repository\org\junit\jupiter\junit-jupiter-engine\5.8.2\junit-jupiter-engine-5.8.2.jar;C:\Users\MY PC\.m2\repository\org\junit\platform\junit-platform-engine\1.8.2\junit-platform-engine-1.8.2.jar;C:\Users\MY PC\.m2\repository\org\mockito\mockito-core\4.5.1\mockito-core-4.5.1.jar;C:\Users\MY PC\.m2\repository\net\bytebuddy\byte-buddy\1.12.20\byte-buddy-1.12.20.jar;C:\Users\MY PC\.m2\repository\net\bytebuddy\byte-buddy-agent\1.12.20\byte-buddy-agent-1.12.20.jar;C:\Users\MY PC\.m2\repository\org\objenesis\objenesis\3.2\objenesis-3.2.jar;C:\Users\MY PC\.m2\repository\org\mockito\mockito-junit-jupiter\4.5.1\mockito-junit-jupiter-4.5.1.jar;C:\Users\MY PC\.m2\repository\org\skyscreamer\jsonassert\1.5.1\jsonassert-1.5.1.jar;C:\Users\MY PC\.m2\repository\com\vaadin\external\google\android-json\0.0.20131108.vaadin1\android-json-0.0.20131108.vaadin1.jar;C:\Users\MY PC\.m2\repository\org\springframework\spring-core\5.3.24\spring-core-5.3.24.jar;C:\Users\MY PC\.m2\repository\org\springframework\spring-jcl\5.3.24\spring-jcl-5.3.24.jar;C:\Users\MY PC\.m2\repository\org\springframework\spring-test\5.3.24\spring-test-5.3.24.jar;C:\Users\MY PC\.m2\repository\org\xmlunit\xmlunit-core\2.9.0\xmlunit-core-2.9.0.jar;C:\Users\MY PC\.m2\repository\org\springframework\boot\spring-boot-starter-data-jpa\2.7.7\spring-boot-starter-data-jpa-2.7.7.jar;C:\Users\MY PC\.m2\repository\org\springframework\boot\spring-boot-starter-aop\2.7.7\spring-boot-starter-aop-2.7.7.jar;C:\Users\MY PC\.m2\repository\org\aspectj\aspectjweaver\1.9.7\aspectjweaver-1.9.7.jar;C:\Users\MY PC\.m2\repository\org\springframework\boot\spring-boot-starter-jdbc\2.7.7\spring-boot-starter-jdbc-2.7.7.jar;C:\Users\MY PC\.m2\repository\com\zaxxer\HikariCP\4.0.3\HikariCP-4.0.3.jar;C:\Users\MY PC\.m2\repository\org\springframework\spring-jdbc\5.3.24\spring-jdbc-5.3.24.jar;C:\Users\MY PC\.m2\repository\jakarta\transaction\jakarta.transaction-api\1.3.3\jakarta.transaction-api-1.3.3.jar;C:\Users\MY PC\.m2\repository\jakarta\persistence\jakarta.persistence-api\2.2.3\jakarta.persistence-api-2.2.3.jar;C:\Users\MY PC\.m2\repository\org\hibernate\hibernate-core\5.6.14.Final\hibernate-core-5.6.14.Final.jar;C:\Users\MY PC\.m2\repository\org\jboss\logging\jboss-logging\3.4.3.Final\jboss-logging-3.4.3.Final.jar;C:\Users\MY PC\.m2\repository\antlr\antlr\2.7.7\antlr-2.7.7.jar;C:\Users\MY PC\.m2\repository\org\jboss\jandex\2.4.2.Final\jandex-2.4.2.Final.jar;C:\Users\MY PC\.m2\repository\com\fasterxml\classmate\1.5.1\classmate-1.5.1.jar;C:\Users\MY PC\.m2\repository\org\hibernate\common\hibernate-commons-annotations\5.1.2.Final\hibernate-commons-annotations-5.1.2.Final.jar;C:\Users\MY PC\.m2\repository\org\springframework\data\spring-data-jpa\2.7.6\spring-data-jpa-2.7.6.jar;C:\Users\MY PC\.m2\repository\org\springframework\data\spring-data-commons\2.7.6\spring-data-commons-2.7.6.jar;C:\Users\MY PC\.m2\repository\org\springframework\spring-orm\5.3.24\spring-orm-5.3.24.jar;C:\Users\MY PC\.m2\repository\org\springframework\spring-tx\5.3.24\spring-tx-5.3.24.jar;C:\Users\MY PC\.m2\repository\org\springframework\spring-aspects\5.3.24\spring-aspects-5.3.24.jar;C:\Users\MY PC\.m2\repository\io\jsonwebtoken\jjwt\0.9.1\jjwt-0.9.1.jar;C:\Users\MY PC\.m2\repository\org\postgresql\postgresql\42.3.8\postgresql-42.3.8.jar;C:\Users\MY PC\.m2\repository\org\checkerframework\checker-qual\3.5.0\checker-qual-3.5.0.jar;C:\Users\MY PC\.m2\repository\com\fasterxml\jackson\dataformat\jackson-dataformat-csv\2.13.4\jackson-dataformat-csv-2.13.4.jar;C:\Users\MY PC\.m2\repository\com\fasterxml\jackson\core\jackson-annotations\2.13.4\jackson-annotations-2.13.4.jar;C:\Users\MY PC\.m2\repository\com\fasterxml\jackson\core\jackson-core\2.13.4\jackson-core-2.13.4.jar;C:\Users\MY PC\.m2\repository\com\fasterxml\jackson\core\jackson-databind\2.13.4.2\jackson-databind-2.13.4.2.jar;C:\Users\MY PC\.m2\repository\com\zeonpad\docgenerator\ZDocGenerator\1.0\ZDocGenerator-1.0.jar;C:\Users\MY PC\.m2\repository\com\zeonpad\pdfcovertor\zeonpadpdf\1.0\zeonpadpdf-1.0.jar;C:\Users\MY PC\.m2\repository\com\googlecode\json-simple\json-simple\1.1.1\json-simple-1.1.1.jar;C:\Users\MY PC\.m2\repository\junit\junit\4.13.2\junit-4.13.2.jar;C:\Users\MY PC\.m2\repository\org\hamcrest\hamcrest-core\2.2\hamcrest-core-2.2.jar;C:\Users\MY PC\.m2\repository\com\google\code\gson\gson\2.8.5\gson-2.8.5.jar;C:\Users\MY PC\.m2\repository\fr\opensagres\xdocreport\org.apache.poi.xwpf.converter.pdf\1.0.6\org.apache.poi.xwpf.converter.pdf-1.0.6.jar;C:\Users\MY PC\.m2\repository\fr\opensagres\xdocreport\fr.opensagres.xdocreport.itext.extension\1.0.6\fr.opensagres.xdocreport.itext.extension-1.0.6.jar;C:\Users\MY PC\.m2\repository\com\lowagie\itext\2.1.7\itext-2.1.7.jar;C:\Users\MY PC\.m2\repository\fr\opensagres\xdocreport\org.apache.poi.xwpf.converter.core\1.0.6\org.apache.poi.xwpf.converter.core-1.0.6.jar;C:\Users\MY PC\.m2\repository\org\apache\poi\ooxml-schemas\1.1\ooxml-schemas-1.1.jar;C:\Users\MY PC\.m2\repository\org\apache\xmlbeans\xmlbeans\2.3.0\xmlbeans-2.3.0.jar;C:\Users\MY PC\.m2\repository\stax\stax-api\1.0.1\stax-api-1.0.1.jar;C:\Users\MY PC\.m2\repository\org\apache\poi\poi\3.15\poi-3.15.jar;C:\Users\MY PC\.m2\repository\commons-codec\commons-codec\1.15\commons-codec-1.15.jar;C:\Users\MY PC\.m2\repository\org\apache\commons\commons-collections4\4.1\commons-collections4-4.1.jar;C:\Users\MY PC\.m2\repository\org\apache\poi\poi-ooxml\3.15\poi-ooxml-3.15.jar;C:\Users\MY PC\.m2\repository\org\apache\poi\poi-ooxml-schemas\3.15\poi-ooxml-schemas-3.15.jar;C:\Users\MY PC\.m2\repository\com\github\virtuald\curvesapi\1.04\curvesapi-1.04.jar;C:\Users\MY PC\.m2\repository\org\slf4j\slf4j-api\1.7.36\slf4j-api-1.7.36.jar;C:\Users\MY PC\.m2\repository\dom4j\dom4j\1.6.1\dom4j-1.6.1.jar;C:\Users\MY PC\.m2\repository\xml-apis\xml-apis\1.0.b2\xml-apis-1.0.b2.jar;C:\Users\MY PC\.m2\repository\org\docx4j\docx4j-JAXB-Internal\8.0.0\docx4j-JAXB-Internal-8.0.0.jar;C:\Users\MY PC\.m2\repository\org\docx4j\docx4j-core\8.0.0\docx4j-core-8.0.0.jar;C:\Users\MY PC\.m2\repository\org\docx4j\docx4j-openxml-objects\8.0.0\docx4j-openxml-objects-8.0.0.jar;C:\Users\MY PC\.m2\repository\org\docx4j\docx4j-openxml-objects-pml\8.0.0\docx4j-openxml-objects-pml-8.0.0.jar;C:\Users\MY PC\.m2\repository\org\docx4j\docx4j-openxml-objects-sml\8.0.0\docx4j-openxml-objects-sml-8.0.0.jar;C:\Users\MY PC\.m2\repository\org\plutext\jaxb-svg11\1.0.2\jaxb-svg11-1.0.2.jar;C:\Users\MY PC\.m2\repository\net\engio\mbassador\1.3.2\mbassador-1.3.2.jar;C:\Users\MY PC\.m2\repository\org\slf4j\jcl-over-slf4j\1.7.36\jcl-over-slf4j-1.7.36.jar;C:\Users\MY PC\.m2\repository\org\apache\commons\commons-lang3\3.12.0\commons-lang3-3.12.0.jar;C:\Users\MY PC\.m2\repository\org\apache\commons\commons-compress\1.18\commons-compress-1.18.jar;C:\Users\MY PC\.m2\repository\commons-io\commons-io\2.6\commons-io-2.6.jar;C:\Users\MY PC\.m2\repository\org\apache\httpcomponents\httpclient\4.5.14\httpclient-4.5.14.jar;C:\Users\MY PC\.m2\repository\org\apache\httpcomponents\httpcore\4.4.16\httpcore-4.4.16.jar;C:\Users\MY PC\.m2\repository\org\apache\xmlgraphics\xmlgraphics-commons\2.3\xmlgraphics-commons-2.3.jar;C:\Users\MY PC\.m2\repository\org\docx4j\org\apache\xalan-metainf\8.0.0\xalan-metainf-8.0.0.jar;C:\Users\MY PC\.m2\repository\org\docx4j\org\apache\xalan-interpretive\8.0.0\xalan-interpretive-8.0.0.jar;C:\Users\MY PC\.m2\repository\org\docx4j\org\apache\xalan-serializer\8.0.0\xalan-serializer-8.0.0.jar;C:\Users\MY PC\.m2\repository\net\arnx\wmf2svg\0.9.8\wmf2svg-0.9.8.jar;C:\Users\MY PC\.m2\repository\org\antlr\antlr-runtime\3.5.2\antlr-runtime-3.5.2.jar;C:\Users\MY PC\.m2\repository\org\antlr\stringtemplate\3.2.1\stringtemplate-3.2.1.jar;C:\Users\MY PC\.m2\repository\com\google\guava\guava\27.0.1-jre\guava-27.0.1-jre.jar;C:\Users\MY PC\.m2\repository\com\google\guava\failureaccess\1.0.1\failureaccess-1.0.1.jar;C:\Users\MY PC\.m2\repository\com\google\guava\listenablefuture\9999.0-empty-to-avoid-conflict-with-guava\listenablefuture-9999.0-empty-to-avoid-conflict-with-guava.jar;C:\Users\MY PC\.m2\repository\com\google\code\findbugs\jsr305\3.0.2\jsr305-3.0.2.jar;C:\Users\MY PC\.m2\repository\com\google\errorprone\error_prone_annotations\2.2.0\error_prone_annotations-2.2.0.jar;C:\Users\MY PC\.m2\repository\com\google\j2objc\j2objc-annotations\1.1\j2objc-annotations-1.1.jar;C:\Users\MY PC\.m2\repository\org\codehaus\mojo\animal-sniffer-annotations\1.17\animal-sniffer-annotations-1.17.jar;C:\Users\MY PC\.m2\repository\com\thedeanda\lorem\2.1\lorem-2.1.jar;C:\Users\MY PC\.m2\repository\org\docx4j\docx4j-JAXB-ReferenceImpl\8.0.0\docx4j-JAXB-ReferenceImpl-8.0.0.jar;C:\Users\MY PC\.m2\repository\org\glassfish\jaxb\jaxb-runtime\2.3.7\jaxb-runtime-2.3.7.jar;C:\Users\MY PC\.m2\repository\org\glassfish\jaxb\txw2\2.3.7\txw2-2.3.7.jar;C:\Users\MY PC\.m2\repository\com\sun\istack\istack-commons-runtime\3.0.12\istack-commons-runtime-3.0.12.jar;C:\Users\MY PC\.m2\repository\com\sun\activation\jakarta.activation\1.2.2\jakarta.activation-1.2.2.jar;C:\Users\MY PC\.m2\repository\org\docx4j\docx4j-JAXB-MOXy\8.0.0\docx4j-JAXB-MOXy-8.0.0.jar;C:\Users\MY PC\.m2\repository\org\eclipse\persistence\org.eclipse.persistence.moxy\2.7.4\org.eclipse.persistence.moxy-2.7.4.jar;C:\Users\MY PC\.m2\repository\org\eclipse\persistence\org.eclipse.persistence.core\2.7.4\org.eclipse.persistence.core-2.7.4.jar;C:\Users\MY PC\.m2\repository\org\eclipse\persistence\org.eclipse.persistence.asm\2.7.4\org.eclipse.persistence.asm-2.7.4.jar;C:\Users\MY PC\.m2\repository\org\docx4j\docx4j-export-fo\8.0.0\docx4j-export-fo-8.0.0.jar;C:\Users\MY PC\.m2\repository\org\plutext\jaxb-xslfo\1.0.1\jaxb-xslfo-1.0.1.jar;C:\Users\MY PC\.m2\repository\org\apache\xmlgraphics\fop\2.3\fop-2.3.jar;C:\Users\MY PC\.m2\repository\org\apache\xmlgraphics\batik-svg-dom\1.10\batik-svg-dom-1.10.jar;C:\Users\MY PC\.m2\repository\org\apache\xmlgraphics\batik-css\1.10\batik-css-1.10.jar;C:\Users\MY PC\.m2\repository\org\apache\xmlgraphics\batik-dom\1.10\batik-dom-1.10.jar;C:\Users\MY PC\.m2\repository\xalan\xalan\2.7.2\xalan-2.7.2.jar;C:\Users\MY PC\.m2\repository\xalan\serializer\2.7.2\serializer-2.7.2.jar;C:\Users\MY PC\.m2\repository\org\apache\xmlgraphics\batik-parser\1.10\batik-parser-1.10.jar;C:\Users\MY PC\.m2\repository\org\apache\xmlgraphics\batik-util\1.10\batik-util-1.10.jar;C:\Users\MY PC\.m2\repository\org\apache\xmlgraphics\batik-constants\1.10\batik-constants-1.10.jar;C:\Users\MY PC\.m2\repository\org\apache\xmlgraphics\batik-i18n\1.10\batik-i18n-1.10.jar;C:\Users\MY PC\.m2\repository\org\apache\xmlgraphics\batik-bridge\1.10\batik-bridge-1.10.jar;C:\Users\MY PC\.m2\repository\org\apache\xmlgraphics\batik-anim\1.10\batik-anim-1.10.jar;C:\Users\MY PC\.m2\repository\org\apache\xmlgraphics\batik-script\1.10\batik-script-1.10.jar;C:\Users\MY PC\.m2\repository\org\apache\xmlgraphics\batik-xml\1.10\batik-xml-1.10.jar;C:\Users\MY PC\.m2\repository\org\apache\xmlgraphics\batik-awt-util\1.10\batik-awt-util-1.10.jar;C:\Users\MY PC\.m2\repository\org\apache\xmlgraphics\batik-gvt\1.10\batik-gvt-1.10.jar;C:\Users\MY PC\.m2\repository\org\apache\xmlgraphics\batik-transcoder\1.10\batik-transcoder-1.10.jar;C:\Users\MY PC\.m2\repository\org\apache\xmlgraphics\batik-svggen\1.10\batik-svggen-1.10.jar;C:\Users\MY PC\.m2\repository\org\apache\xmlgraphics\batik-extension\1.10\batik-extension-1.10.jar;C:\Users\MY PC\.m2\repository\org\apache\xmlgraphics\batik-ext\1.10\batik-ext-1.10.jar;C:\Users\MY PC\.m2\repository\org\apache\avalon\framework\avalon-framework-api\4.3.1\avalon-framework-api-4.3.1.jar;C:\Users\MY PC\.m2\repository\org\apache\avalon\framework\avalon-framework-impl\4.3.1\avalon-framework-impl-4.3.1.jar;C:\Users\MY PC\.m2\repository\org\apache\pdfbox\pdfbox-tools\2.0.20\pdfbox-tools-2.0.20.jar;C:\Users\MY PC\.m2\repository\org\apache\pdfbox\pdfbox-debugger\2.0.20\pdfbox-debugger-2.0.20.jar;C:\Users\MY PC\.m2\repository\org\apache\pdfbox\pdfbox\2.0.20\pdfbox-2.0.20.jar;C:\Users\MY PC\.m2\repository\commons-logging\commons-logging\1.2\commons-logging-1.2.jar;C:\Users\MY PC\.m2\repository\org\apache\pdfbox\fontbox\2.0.20\fontbox-2.0.20.jar;C:\Users\MY PC\.m2\repository\org\apache\pdfbox\jempbox\1.8.16\jempbox-1.8.16.jar;C:\Users\MY PC\.m2\repository\org\apache\pdfbox\xmpbox\2.0.20\xmpbox-2.0.20.jar;C:\Users\MY PC\.m2\repository\org\apache\pdfbox\preflight\2.0.20\preflight-2.0.20.jar;C:\Users\MY PC\.m2\repository\org\projectlombok\lombok\1.18.24\lombok-1.18.24.jar;C:\Users\MY PC\.m2\repository\org\springframework\boot\spring-boot-starter-security\2.7.7\spring-boot-starter-security-2.7.7.jar;C:\Users\MY PC\.m2\repository\org\springframework\spring-aop\5.3.24\spring-aop-5.3.24.jar;C:\Users\MY PC\.m2\repository\org\springframework\security\spring-security-config\5.7.6\spring-security-config-5.7.6.jar;C:\Users\MY PC\.m2\repository\org\springframework\security\spring-security-core\5.7.6\spring-security-core-5.7.6.jar;C:\Users\MY PC\.m2\repository\org\springframework\security\spring-security-crypto\5.7.6\spring-security-crypto-5.7.6.jar;C:\Users\MY PC\.m2\repository\org\springframework\security\spring-security-web\5.7.6\spring-security-web-5.7.6.jar;C:\Users\MY PC\.m2\repository\org\keycloak\keycloak-spring-boot-starter\20.0.2\keycloak-spring-boot-starter-20.0.2.jar;C:\Users\MY PC\.m2\repository\org\keycloak\keycloak-spring-boot-2-adapter\20.0.2\keycloak-spring-boot-2-adapter-20.0.2.jar;C:\Users\MY PC\.m2\repository\org\keycloak\keycloak-spring-boot-adapter-core\20.0.2\keycloak-spring-boot-adapter-core-20.0.2.jar;C:\Users\MY PC\.m2\repository\org\keycloak\keycloak-core\20.0.2\keycloak-core-20.0.2.jar;C:\Users\MY PC\.m2\repository\org\keycloak\keycloak-common\20.0.2\keycloak-common-20.0.2.jar;C:\Users\MY PC\.m2\repository\org\keycloak\keycloak-authz-client\20.0.2\keycloak-authz-client-20.0.2.jar;C:\Users\MY PC\.m2\repository\org\keycloak\spring-boot-container-bundle\20.0.2\spring-boot-container-bundle-20.0.2.jar;C:\Users\MY PC\.m2\repository\org\keycloak\keycloak-adapter-core\20.0.2\keycloak-adapter-core-20.0.2.jar;C:\Users\MY PC\.m2\repository\org\keycloak\keycloak-crypto-default\20.0.2\keycloak-crypto-default-20.0.2.jar;C:\Users\MY PC\.m2\repository\org\keycloak\keycloak-server-spi\20.0.2\keycloak-server-spi-20.0.2.jar;C:\Users\MY PC\.m2\repository\org\keycloak\keycloak-server-spi-private\20.0.2\keycloak-server-spi-private-20.0.2.jar;C:\Users\MY PC\.m2\repository\com\github\ua-parser\uap-java\1.5.2\uap-java-1.5.2.jar;C:\Users\MY PC\.m2\repository\org\bouncycastle\bcpkix-jdk15on\1.70\bcpkix-jdk15on-1.70.jar;C:\Users\MY PC\.m2\repository\org\bouncycastle\bcutil-jdk15on\1.70\bcutil-jdk15on-1.70.jar;C:\Users\MY PC\.m2\repository\org\keycloak\keycloak-spring-security-adapter\20.0.2\keycloak-spring-security-adapter-20.0.2.jar;C:\Users\MY PC\.m2\repository\org\keycloak\keycloak-adapter-spi\20.0.2\keycloak-adapter-spi-20.0.2.jar;C:\Users\MY PC\.m2\repository\org\bouncycastle\bcprov-jdk15on\1.70\bcprov-jdk15on-1.70.jar;"/>
    <property name="java.vm.vendor" value="Oracle Corporation"/>
    <property name="sun.arch.data.model" value="64"/>
    <property name="user.variant" value=""/>
    <property name="java.vendor.url" value="https://openjdk.java.net/"/>
    <property name="user.timezone" value="Africa/Nairobi"/>
    <property name="java.vm.specification.version" value="11"/>
    <property name="os.name" value="Windows 11"/>
    <property name="sun.java.launcher" value="SUN_STANDARD"/>
    <property name="user.country" value="GB"/>
    <property name="sun.boot.library.path" value="C:\Program Files\Java\jdk-11.0.16.1\bin"/>
    <property name="sun.java.command" value="C:\Users\MYPC~1\AppData\Local\Temp\surefire10953372170439263532\surefirebooter14472416093487781600.jar C:\Users\MY PC\AppData\Local\Temp\surefire10953372170439263532 2022-12-30T16-38-03_924-jvmRun1 surefire699122091943492124tmp surefire_012193174294347287991tmp"/>
    <property name="jdk.debug" value="release"/>
    <property name="surefire.test.class.path" value="F:\Projects\swizima\Report Engine\reportengine\target\test-classes;F:\Projects\swizima\Report Engine\reportengine\target\classes;C:\Users\MY PC\.m2\repository\org\springframework\boot\spring-boot-starter-web\2.7.7\spring-boot-starter-web-2.7.7.jar;C:\Users\MY PC\.m2\repository\org\springframework\boot\spring-boot-starter\2.7.7\spring-boot-starter-2.7.7.jar;C:\Users\MY PC\.m2\repository\org\springframework\boot\spring-boot\2.7.7\spring-boot-2.7.7.jar;C:\Users\MY PC\.m2\repository\org\springframework\boot\spring-boot-autoconfigure\2.7.7\spring-boot-autoconfigure-2.7.7.jar;C:\Users\MY PC\.m2\repository\org\springframework\boot\spring-boot-starter-logging\2.7.7\spring-boot-starter-logging-2.7.7.jar;C:\Users\MY PC\.m2\repository\ch\qos\logback\logback-classic\1.2.11\logback-classic-1.2.11.jar;C:\Users\MY PC\.m2\repository\ch\qos\logback\logback-core\1.2.11\logback-core-1.2.11.jar;C:\Users\MY PC\.m2\repository\org\apache\logging\log4j\log4j-to-slf4j\2.17.2\log4j-to-slf4j-2.17.2.jar;C:\Users\MY PC\.m2\repository\org\apache\logging\log4j\log4j-api\2.17.2\log4j-api-2.17.2.jar;C:\Users\MY PC\.m2\repository\org\slf4j\jul-to-slf4j\1.7.36\jul-to-slf4j-1.7.36.jar;C:\Users\MY PC\.m2\repository\jakarta\annotation\jakarta.annotation-api\1.3.5\jakarta.annotation-api-1.3.5.jar;C:\Users\MY PC\.m2\repository\org\yaml\snakeyaml\1.30\snakeyaml-1.30.jar;C:\Users\MY PC\.m2\repository\org\springframework\boot\spring-boot-starter-json\2.7.7\spring-boot-starter-json-2.7.7.jar;C:\Users\MY PC\.m2\repository\com\fasterxml\jackson\datatype\jackson-datatype-jdk8\2.13.4\jackson-datatype-jdk8-2.13.4.jar;C:\Users\MY PC\.m2\repository\com\fasterxml\jackson\datatype\jackson-datatype-jsr310\2.13.4\jackson-datatype-jsr310-2.13.4.jar;C:\Users\MY PC\.m2\repository\com\fasterxml\jackson\module\jackson-module-parameter-names\2.13.4\jackson-module-parameter-names-2.13.4.jar;C:\Users\MY PC\.m2\repository\org\springframework\boot\spring-boot-starter-tomcat\2.7.7\spring-boot-starter-tomcat-2.7.7.jar;C:\Users\MY PC\.m2\repository\org\apache\tomcat\embed\tomcat-embed-core\9.0.70\tomcat-embed-core-9.0.70.jar;C:\Users\MY PC\.m2\repository\org\apache\tomcat\embed\tomcat-embed-el\9.0.70\tomcat-embed-el-9.0.70.jar;C:\Users\MY PC\.m2\repository\org\apache\tomcat\embed\tomcat-embed-websocket\9.0.70\tomcat-embed-websocket-9.0.70.jar;C:\Users\MY PC\.m2\repository\org\springframework\spring-web\5.3.24\spring-web-5.3.24.jar;C:\Users\MY PC\.m2\repository\org\springframework\spring-beans\5.3.24\spring-beans-5.3.24.jar;C:\Users\MY PC\.m2\repository\org\springframework\spring-webmvc\5.3.24\spring-webmvc-5.3.24.jar;C:\Users\MY PC\.m2\repository\org\springframework\spring-context\5.3.24\spring-context-5.3.24.jar;C:\Users\MY PC\.m2\repository\org\springframework\spring-expression\5.3.24\spring-expression-5.3.24.jar;C:\Users\MY PC\.m2\repository\org\springframework\boot\spring-boot-starter-test\2.7.7\spring-boot-starter-test-2.7.7.jar;C:\Users\MY PC\.m2\repository\org\springframework\boot\spring-boot-test\2.7.7\spring-boot-test-2.7.7.jar;C:\Users\MY PC\.m2\repository\org\springframework\boot\spring-boot-test-autoconfigure\2.7.7\spring-boot-test-autoconfigure-2.7.7.jar;C:\Users\MY PC\.m2\repository\com\jayway\jsonpath\json-path\2.7.0\json-path-2.7.0.jar;C:\Users\MY PC\.m2\repository\net\minidev\json-smart\2.4.8\json-smart-2.4.8.jar;C:\Users\MY PC\.m2\repository\net\minidev\accessors-smart\2.4.8\accessors-smart-2.4.8.jar;C:\Users\MY PC\.m2\repository\org\ow2\asm\asm\9.1\asm-9.1.jar;C:\Users\MY PC\.m2\repository\jakarta\xml\bind\jakarta.xml.bind-api\2.3.3\jakarta.xml.bind-api-2.3.3.jar;C:\Users\MY PC\.m2\repository\jakarta\activation\jakarta.activation-api\1.2.2\jakarta.activation-api-1.2.2.jar;C:\Users\MY PC\.m2\repository\org\assertj\assertj-core\3.22.0\assertj-core-3.22.0.jar;C:\Users\MY PC\.m2\repository\org\hamcrest\hamcrest\2.2\hamcrest-2.2.jar;C:\Users\MY PC\.m2\repository\org\junit\jupiter\junit-jupiter\5.8.2\junit-jupiter-5.8.2.jar;C:\Users\MY PC\.m2\repository\org\junit\jupiter\junit-jupiter-api\5.8.2\junit-jupiter-api-5.8.2.jar;C:\Users\MY PC\.m2\repository\org\opentest4j\opentest4j\1.2.0\opentest4j-1.2.0.jar;C:\Users\MY PC\.m2\repository\org\junit\platform\junit-platform-commons\1.8.2\junit-platform-commons-1.8.2.jar;C:\Users\MY PC\.m2\repository\org\apiguardian\apiguardian-api\1.1.2\apiguardian-api-1.1.2.jar;C:\Users\MY PC\.m2\repository\org\junit\jupiter\junit-jupiter-params\5.8.2\junit-jupiter-params-5.8.2.jar;C:\Users\MY PC\.m2\repository\org\junit\jupiter\junit-jupiter-engine\5.8.2\junit-jupiter-engine-5.8.2.jar;C:\Users\MY PC\.m2\repository\org\junit\platform\junit-platform-engine\1.8.2\junit-platform-engine-1.8.2.jar;C:\Users\MY PC\.m2\repository\org\mockito\mockito-core\4.5.1\mockito-core-4.5.1.jar;C:\Users\MY PC\.m2\repository\net\bytebuddy\byte-buddy\1.12.20\byte-buddy-1.12.20.jar;C:\Users\MY PC\.m2\repository\net\bytebuddy\byte-buddy-agent\1.12.20\byte-buddy-agent-1.12.20.jar;C:\Users\MY PC\.m2\repository\org\objenesis\objenesis\3.2\objenesis-3.2.jar;C:\Users\MY PC\.m2\repository\org\mockito\mockito-junit-jupiter\4.5.1\mockito-junit-jupiter-4.5.1.jar;C:\Users\MY PC\.m2\repository\org\skyscreamer\jsonassert\1.5.1\jsonassert-1.5.1.jar;C:\Users\MY PC\.m2\repository\com\vaadin\external\google\android-json\0.0.20131108.vaadin1\android-json-0.0.20131108.vaadin1.jar;C:\Users\MY PC\.m2\repository\org\springframework\spring-core\5.3.24\spring-core-5.3.24.jar;C:\Users\MY PC\.m2\repository\org\springframework\spring-jcl\5.3.24\spring-jcl-5.3.24.jar;C:\Users\MY PC\.m2\repository\org\springframework\spring-test\5.3.24\spring-test-5.3.24.jar;C:\Users\MY PC\.m2\repository\org\xmlunit\xmlunit-core\2.9.0\xmlunit-core-2.9.0.jar;C:\Users\MY PC\.m2\repository\org\springframework\boot\spring-boot-starter-data-jpa\2.7.7\spring-boot-starter-data-jpa-2.7.7.jar;C:\Users\MY PC\.m2\repository\org\springframework\boot\spring-boot-starter-aop\2.7.7\spring-boot-starter-aop-2.7.7.jar;C:\Users\MY PC\.m2\repository\org\aspectj\aspectjweaver\1.9.7\aspectjweaver-1.9.7.jar;C:\Users\MY PC\.m2\repository\org\springframework\boot\spring-boot-starter-jdbc\2.7.7\spring-boot-starter-jdbc-2.7.7.jar;C:\Users\MY PC\.m2\repository\com\zaxxer\HikariCP\4.0.3\HikariCP-4.0.3.jar;C:\Users\MY PC\.m2\repository\org\springframework\spring-jdbc\5.3.24\spring-jdbc-5.3.24.jar;C:\Users\MY PC\.m2\repository\jakarta\transaction\jakarta.transaction-api\1.3.3\jakarta.transaction-api-1.3.3.jar;C:\Users\MY PC\.m2\repository\jakarta\persistence\jakarta.persistence-api\2.2.3\jakarta.persistence-api-2.2.3.jar;C:\Users\MY PC\.m2\repository\org\hibernate\hibernate-core\5.6.14.Final\hibernate-core-5.6.14.Final.jar;C:\Users\MY PC\.m2\repository\org\jboss\logging\jboss-logging\3.4.3.Final\jboss-logging-3.4.3.Final.jar;C:\Users\MY PC\.m2\repository\antlr\antlr\2.7.7\antlr-2.7.7.jar;C:\Users\MY PC\.m2\repository\org\jboss\jandex\2.4.2.Final\jandex-2.4.2.Final.jar;C:\Users\MY PC\.m2\repository\com\fasterxml\classmate\1.5.1\classmate-1.5.1.jar;C:\Users\MY PC\.m2\repository\org\hibernate\common\hibernate-commons-annotations\5.1.2.Final\hibernate-commons-annotations-5.1.2.Final.jar;C:\Users\MY PC\.m2\repository\org\springframework\data\spring-data-jpa\2.7.6\spring-data-jpa-2.7.6.jar;C:\Users\MY PC\.m2\repository\org\springframework\data\spring-data-commons\2.7.6\spring-data-commons-2.7.6.jar;C:\Users\MY PC\.m2\repository\org\springframework\spring-orm\5.3.24\spring-orm-5.3.24.jar;C:\Users\MY PC\.m2\repository\org\springframework\spring-tx\5.3.24\spring-tx-5.3.24.jar;C:\Users\MY PC\.m2\repository\org\springframework\spring-aspects\5.3.24\spring-aspects-5.3.24.jar;C:\Users\MY PC\.m2\repository\io\jsonwebtoken\jjwt\0.9.1\jjwt-0.9.1.jar;C:\Users\MY PC\.m2\repository\org\postgresql\postgresql\42.3.8\postgresql-42.3.8.jar;C:\Users\MY PC\.m2\repository\org\checkerframework\checker-qual\3.5.0\checker-qual-3.5.0.jar;C:\Users\MY PC\.m2\repository\com\fasterxml\jackson\dataformat\jackson-dataformat-csv\2.13.4\jackson-dataformat-csv-2.13.4.jar;C:\Users\MY PC\.m2\repository\com\fasterxml\jackson\core\jackson-annotations\2.13.4\jackson-annotations-2.13.4.jar;C:\Users\MY PC\.m2\repository\com\fasterxml\jackson\core\jackson-core\2.13.4\jackson-core-2.13.4.jar;C:\Users\MY PC\.m2\repository\com\fasterxml\jackson\core\jackson-databind\2.13.4.2\jackson-databind-2.13.4.2.jar;C:\Users\MY PC\.m2\repository\com\zeonpad\docgenerator\ZDocGenerator\1.0\ZDocGenerator-1.0.jar;C:\Users\MY PC\.m2\repository\com\zeonpad\pdfcovertor\zeonpadpdf\1.0\zeonpadpdf-1.0.jar;C:\Users\MY PC\.m2\repository\com\googlecode\json-simple\json-simple\1.1.1\json-simple-1.1.1.jar;C:\Users\MY PC\.m2\repository\junit\junit\4.13.2\junit-4.13.2.jar;C:\Users\MY PC\.m2\repository\org\hamcrest\hamcrest-core\2.2\hamcrest-core-2.2.jar;C:\Users\MY PC\.m2\repository\com\google\code\gson\gson\2.8.5\gson-2.8.5.jar;C:\Users\MY PC\.m2\repository\fr\opensagres\xdocreport\org.apache.poi.xwpf.converter.pdf\1.0.6\org.apache.poi.xwpf.converter.pdf-1.0.6.jar;C:\Users\MY PC\.m2\repository\fr\opensagres\xdocreport\fr.opensagres.xdocreport.itext.extension\1.0.6\fr.opensagres.xdocreport.itext.extension-1.0.6.jar;C:\Users\MY PC\.m2\repository\com\lowagie\itext\2.1.7\itext-2.1.7.jar;C:\Users\MY PC\.m2\repository\fr\opensagres\xdocreport\org.apache.poi.xwpf.converter.core\1.0.6\org.apache.poi.xwpf.converter.core-1.0.6.jar;C:\Users\MY PC\.m2\repository\org\apache\poi\ooxml-schemas\1.1\ooxml-schemas-1.1.jar;C:\Users\MY PC\.m2\repository\org\apache\xmlbeans\xmlbeans\2.3.0\xmlbeans-2.3.0.jar;C:\Users\MY PC\.m2\repository\stax\stax-api\1.0.1\stax-api-1.0.1.jar;C:\Users\MY PC\.m2\repository\org\apache\poi\poi\3.15\poi-3.15.jar;C:\Users\MY PC\.m2\repository\commons-codec\commons-codec\1.15\commons-codec-1.15.jar;C:\Users\MY PC\.m2\repository\org\apache\commons\commons-collections4\4.1\commons-collections4-4.1.jar;C:\Users\MY PC\.m2\repository\org\apache\poi\poi-ooxml\3.15\poi-ooxml-3.15.jar;C:\Users\MY PC\.m2\repository\org\apache\poi\poi-ooxml-schemas\3.15\poi-ooxml-schemas-3.15.jar;C:\Users\MY PC\.m2\repository\com\github\virtuald\curvesapi\1.04\curvesapi-1.04.jar;C:\Users\MY PC\.m2\repository\org\slf4j\slf4j-api\1.7.36\slf4j-api-1.7.36.jar;C:\Users\MY PC\.m2\repository\dom4j\dom4j\1.6.1\dom4j-1.6.1.jar;C:\Users\MY PC\.m2\repository\xml-apis\xml-apis\1.0.b2\xml-apis-1.0.b2.jar;C:\Users\MY PC\.m2\repository\org\docx4j\docx4j-JAXB-Internal\8.0.0\docx4j-JAXB-Internal-8.0.0.jar;C:\Users\MY PC\.m2\repository\org\docx4j\docx4j-core\8.0.0\docx4j-core-8.0.0.jar;C:\Users\MY PC\.m2\repository\org\docx4j\docx4j-openxml-objects\8.0.0\docx4j-openxml-objects-8.0.0.jar;C:\Users\MY PC\.m2\repository\org\docx4j\docx4j-openxml-objects-pml\8.0.0\docx4j-openxml-objects-pml-8.0.0.jar;C:\Users\MY PC\.m2\repository\org\docx4j\docx4j-openxml-objects-sml\8.0.0\docx4j-openxml-objects-sml-8.0.0.jar;C:\Users\MY PC\.m2\repository\org\plutext\jaxb-svg11\1.0.2\jaxb-svg11-1.0.2.jar;C:\Users\MY PC\.m2\repository\net\engio\mbassador\1.3.2\mbassador-1.3.2.jar;C:\Users\MY PC\.m2\repository\org\slf4j\jcl-over-slf4j\1.7.36\jcl-over-slf4j-1.7.36.jar;C:\Users\MY PC\.m2\repository\org\apache\commons\commons-lang3\3.12.0\commons-lang3-3.12.0.jar;C:\Users\MY PC\.m2\repository\org\apache\commons\commons-compress\1.18\commons-compress-1.18.jar;C:\Users\MY PC\.m2\repository\commons-io\commons-io\2.6\commons-io-2.6.jar;C:\Users\MY PC\.m2\repository\org\apache\httpcomponents\httpclient\4.5.14\httpclient-4.5.14.jar;C:\Users\MY PC\.m2\repository\org\apache\httpcomponents\httpcore\4.4.16\httpcore-4.4.16.jar;C:\Users\MY PC\.m2\repository\org\apache\xmlgraphics\xmlgraphics-commons\2.3\xmlgraphics-commons-2.3.jar;C:\Users\MY PC\.m2\repository\org\docx4j\org\apache\xalan-metainf\8.0.0\xalan-metainf-8.0.0.jar;C:\Users\MY PC\.m2\repository\org\docx4j\org\apache\xalan-interpretive\8.0.0\xalan-interpretive-8.0.0.jar;C:\Users\MY PC\.m2\repository\org\docx4j\org\apache\xalan-serializer\8.0.0\xalan-serializer-8.0.0.jar;C:\Users\MY PC\.m2\repository\net\arnx\wmf2svg\0.9.8\wmf2svg-0.9.8.jar;C:\Users\MY PC\.m2\repository\org\antlr\antlr-runtime\3.5.2\antlr-runtime-3.5.2.jar;C:\Users\MY PC\.m2\repository\org\antlr\stringtemplate\3.2.1\stringtemplate-3.2.1.jar;C:\Users\MY PC\.m2\repository\com\google\guava\guava\27.0.1-jre\guava-27.0.1-jre.jar;C:\Users\MY PC\.m2\repository\com\google\guava\failureaccess\1.0.1\failureaccess-1.0.1.jar;C:\Users\MY PC\.m2\repository\com\google\guava\listenablefuture\9999.0-empty-to-avoid-conflict-with-guava\listenablefuture-9999.0-empty-to-avoid-conflict-with-guava.jar;C:\Users\MY PC\.m2\repository\com\google\code\findbugs\jsr305\3.0.2\jsr305-3.0.2.jar;C:\Users\MY PC\.m2\repository\com\google\errorprone\error_prone_annotations\2.2.0\error_prone_annotations-2.2.0.jar;C:\Users\MY PC\.m2\repository\com\google\j2objc\j2objc-annotations\1.1\j2objc-annotations-1.1.jar;C:\Users\MY PC\.m2\repository\org\codehaus\mojo\animal-sniffer-annotations\1.17\animal-sniffer-annotations-1.17.jar;C:\Users\MY PC\.m2\repository\com\thedeanda\lorem\2.1\lorem-2.1.jar;C:\Users\MY PC\.m2\repository\org\docx4j\docx4j-JAXB-ReferenceImpl\8.0.0\docx4j-JAXB-ReferenceImpl-8.0.0.jar;C:\Users\MY PC\.m2\repository\org\glassfish\jaxb\jaxb-runtime\2.3.7\jaxb-runtime-2.3.7.jar;C:\Users\MY PC\.m2\repository\org\glassfish\jaxb\txw2\2.3.7\txw2-2.3.7.jar;C:\Users\MY PC\.m2\repository\com\sun\istack\istack-commons-runtime\3.0.12\istack-commons-runtime-3.0.12.jar;C:\Users\MY PC\.m2\repository\com\sun\activation\jakarta.activation\1.2.2\jakarta.activation-1.2.2.jar;C:\Users\MY PC\.m2\repository\org\docx4j\docx4j-JAXB-MOXy\8.0.0\docx4j-JAXB-MOXy-8.0.0.jar;C:\Users\MY PC\.m2\repository\org\eclipse\persistence\org.eclipse.persistence.moxy\2.7.4\org.eclipse.persistence.moxy-2.7.4.jar;C:\Users\MY PC\.m2\repository\org\eclipse\persistence\org.eclipse.persistence.core\2.7.4\org.eclipse.persistence.core-2.7.4.jar;C:\Users\MY PC\.m2\repository\org\eclipse\persistence\org.eclipse.persistence.asm\2.7.4\org.eclipse.persistence.asm-2.7.4.jar;C:\Users\MY PC\.m2\repository\org\docx4j\docx4j-export-fo\8.0.0\docx4j-export-fo-8.0.0.jar;C:\Users\MY PC\.m2\repository\org\plutext\jaxb-xslfo\1.0.1\jaxb-xslfo-1.0.1.jar;C:\Users\MY PC\.m2\repository\org\apache\xmlgraphics\fop\2.3\fop-2.3.jar;C:\Users\MY PC\.m2\repository\org\apache\xmlgraphics\batik-svg-dom\1.10\batik-svg-dom-1.10.jar;C:\Users\MY PC\.m2\repository\org\apache\xmlgraphics\batik-css\1.10\batik-css-1.10.jar;C:\Users\MY PC\.m2\repository\org\apache\xmlgraphics\batik-dom\1.10\batik-dom-1.10.jar;C:\Users\MY PC\.m2\repository\xalan\xalan\2.7.2\xalan-2.7.2.jar;C:\Users\MY PC\.m2\repository\xalan\serializer\2.7.2\serializer-2.7.2.jar;C:\Users\MY PC\.m2\repository\org\apache\xmlgraphics\batik-parser\1.10\batik-parser-1.10.jar;C:\Users\MY PC\.m2\repository\org\apache\xmlgraphics\batik-util\1.10\batik-util-1.10.jar;C:\Users\MY PC\.m2\repository\org\apache\xmlgraphics\batik-constants\1.10\batik-constants-1.10.jar;C:\Users\MY PC\.m2\repository\org\apache\xmlgraphics\batik-i18n\1.10\batik-i18n-1.10.jar;C:\Users\MY PC\.m2\repository\org\apache\xmlgraphics\batik-bridge\1.10\batik-bridge-1.10.jar;C:\Users\MY PC\.m2\repository\org\apache\xmlgraphics\batik-anim\1.10\batik-anim-1.10.jar;C:\Users\MY PC\.m2\repository\org\apache\xmlgraphics\batik-script\1.10\batik-script-1.10.jar;C:\Users\MY PC\.m2\repository\org\apache\xmlgraphics\batik-xml\1.10\batik-xml-1.10.jar;C:\Users\MY PC\.m2\repository\org\apache\xmlgraphics\batik-awt-util\1.10\batik-awt-util-1.10.jar;C:\Users\MY PC\.m2\repository\org\apache\xmlgraphics\batik-gvt\1.10\batik-gvt-1.10.jar;C:\Users\MY PC\.m2\repository\org\apache\xmlgraphics\batik-transcoder\1.10\batik-transcoder-1.10.jar;C:\Users\MY PC\.m2\repository\org\apache\xmlgraphics\batik-svggen\1.10\batik-svggen-1.10.jar;C:\Users\MY PC\.m2\repository\org\apache\xmlgraphics\batik-extension\1.10\batik-extension-1.10.jar;C:\Users\MY PC\.m2\repository\org\apache\xmlgraphics\batik-ext\1.10\batik-ext-1.10.jar;C:\Users\MY PC\.m2\repository\org\apache\avalon\framework\avalon-framework-api\4.3.1\avalon-framework-api-4.3.1.jar;C:\Users\MY PC\.m2\repository\org\apache\avalon\framework\avalon-framework-impl\4.3.1\avalon-framework-impl-4.3.1.jar;C:\Users\MY PC\.m2\repository\org\apache\pdfbox\pdfbox-tools\2.0.20\pdfbox-tools-2.0.20.jar;C:\Users\MY PC\.m2\repository\org\apache\pdfbox\pdfbox-debugger\2.0.20\pdfbox-debugger-2.0.20.jar;C:\Users\MY PC\.m2\repository\org\apache\pdfbox\pdfbox\2.0.20\pdfbox-2.0.20.jar;C:\Users\MY PC\.m2\repository\commons-logging\commons-logging\1.2\commons-logging-1.2.jar;C:\Users\MY PC\.m2\repository\org\apache\pdfbox\fontbox\2.0.20\fontbox-2.0.20.jar;C:\Users\MY PC\.m2\repository\org\apache\pdfbox\jempbox\1.8.16\jempbox-1.8.16.jar;C:\Users\MY PC\.m2\repository\org\apache\pdfbox\xmpbox\2.0.20\xmpbox-2.0.20.jar;C:\Users\MY PC\.m2\repository\org\apache\pdfbox\preflight\2.0.20\preflight-2.0.20.jar;C:\Users\MY PC\.m2\repository\org\projectlombok\lombok\1.18.24\lombok-1.18.24.jar;C:\Users\MY PC\.m2\repository\org\springframework\boot\spring-boot-starter-security\2.7.7\spring-boot-starter-security-2.7.7.jar;C:\Users\MY PC\.m2\repository\org\springframework\spring-aop\5.3.24\spring-aop-5.3.24.jar;C:\Users\MY PC\.m2\repository\org\springframework\security\spring-security-config\5.7.6\spring-security-config-5.7.6.jar;C:\Users\MY PC\.m2\repository\org\springframework\security\spring-security-core\5.7.6\spring-security-core-5.7.6.jar;C:\Users\MY PC\.m2\repository\org\springframework\security\spring-security-crypto\5.7.6\spring-security-crypto-5.7.6.jar;C:\Users\MY PC\.m2\repository\org\springframework\security\spring-security-web\5.7.6\spring-security-web-5.7.6.jar;C:\Users\MY PC\.m2\repository\org\keycloak\keycloak-spring-boot-starter\20.0.2\keycloak-spring-boot-starter-20.0.2.jar;C:\Users\MY PC\.m2\repository\org\keycloak\keycloak-spring-boot-2-adapter\20.0.2\keycloak-spring-boot-2-adapter-20.0.2.jar;C:\Users\MY PC\.m2\repository\org\keycloak\keycloak-spring-boot-adapter-core\20.0.2\keycloak-spring-boot-adapter-core-20.0.2.jar;C:\Users\MY PC\.m2\repository\org\keycloak\keycloak-core\20.0.2\keycloak-core-20.0.2.jar;C:\Users\MY PC\.m2\repository\org\keycloak\keycloak-common\20.0.2\keycloak-common-20.0.2.jar;C:\Users\MY PC\.m2\repository\org\keycloak\keycloak-authz-client\20.0.2\keycloak-authz-client-20.0.2.jar;C:\Users\MY PC\.m2\repository\org\keycloak\spring-boot-container-bundle\20.0.2\spring-boot-container-bundle-20.0.2.jar;C:\Users\MY PC\.m2\repository\org\keycloak\keycloak-adapter-core\20.0.2\keycloak-adapter-core-20.0.2.jar;C:\Users\MY PC\.m2\repository\org\keycloak\keycloak-crypto-default\20.0.2\keycloak-crypto-default-20.0.2.jar;C:\Users\MY PC\.m2\repository\org\keycloak\keycloak-server-spi\20.0.2\keycloak-server-spi-20.0.2.jar;C:\Users\MY PC\.m2\repository\org\keycloak\keycloak-server-spi-private\20.0.2\keycloak-server-spi-private-20.0.2.jar;C:\Users\MY PC\.m2\repository\com\github\ua-parser\uap-java\1.5.2\uap-java-1.5.2.jar;C:\Users\MY PC\.m2\repository\org\bouncycastle\bcpkix-jdk15on\1.70\bcpkix-jdk15on-1.70.jar;C:\Users\MY PC\.m2\repository\org\bouncycastle\bcutil-jdk15on\1.70\bcutil-jdk15on-1.70.jar;C:\Users\MY PC\.m2\repository\org\keycloak\keycloak-spring-security-adapter\20.0.2\keycloak-spring-security-adapter-20.0.2.jar;C:\Users\MY PC\.m2\repository\org\keycloak\keycloak-adapter-spi\20.0.2\keycloak-adapter-spi-20.0.2.jar;C:\Users\MY PC\.m2\repository\org\bouncycastle\bcprov-jdk15on\1.70\bcprov-jdk15on-1.70.jar;"/>
    <property name="sun.cpu.endian" value="little"/>
    <property name="user.home" value="C:\Users\MY PC"/>
    <property name="user.language" value="en"/>
    <property name="java.specification.vendor" value="Oracle Corporation"/>
    <property name="java.version.date" value="2022-08-18"/>
    <property name="java.home" value="C:\Program Files\Java\jdk-11.0.16.1"/>
    <property name="file.separator" value="\"/>
    <property name="style.color" value="always"/>
    <property name="basedir" value="F:\Projects\swizima\Report Engine\reportengine"/>
    <property name="java.vm.compressedOopsMode" value="Zero based"/>
    <property name="line.separator" value="&#10;"/>
    <property name="java.specification.name" value="Java Platform API Specification"/>
    <property name="java.vm.specification.vendor" value="Oracle Corporation"/>
    <property name="java.awt.graphicsenv" value="sun.awt.Win32GraphicsEnvironment"/>
    <property name="surefire.real.class.path" value="C:\Users\MYPC~1\AppData\Local\Temp\surefire10953372170439263532\surefirebooter14472416093487781600.jar"/>
    <property name="user.script" value=""/>
    <property name="sun.management.compiler" value="HotSpot 64-Bit Tiered Compilers"/>
    <property name="java.runtime.version" value="11.0.16.1+1-LTS-1"/>
    <property name="user.name" value="MY PC"/>
    <property name="path.separator" value=";"/>
    <property name="os.version" value="10.0"/>
    <property name="java.runtime.name" value="Java(TM) SE Runtime Environment"/>
    <property name="file.encoding" value="Cp1252"/>
    <property name="java.vm.name" value="Java HotSpot(TM) 64-Bit Server VM"/>
    <property name="java.vendor.version" value="18.9"/>
    <property name="localRepository" value="C:\Users\MY PC\.m2\repository"/>
    <property name="java.vendor.url.bug" value="https://bugreport.java.com/bugreport/"/>
    <property name="java.io.tmpdir" value="C:\Users\MYPC~1\AppData\Local\Temp\"/>
    <property name="java.version" value="11.0.16.1"/>
    <property name="user.dir" value="F:\Projects\swizima\Report Engine\reportengine"/>
    <property name="os.arch" value="amd64"/>
    <property name="java.vm.specification.name" value="Java Virtual Machine Specification"/>
    <property name="java.awt.printerjob" value="sun.awt.windows.WPrinterJob"/>
    <property name="sun.os.patch.level" value=""/>
    <property name="java.library.path" value="C:\Program Files\Java\jdk-11.0.16.1\bin;C:\WINDOWS\Sun\Java\bin;C:\WINDOWS\system32;C:\WINDOWS;C:\Program Files\Eclipse Adoptium\jdk-17.0.5.8-hotspot\bin;C:\Python310\Scripts\;C:\Python310\;C:\Program Files\Common Files\Oracle\Java\javapath;C:\Program Files (x86)\Common Files\Oracle\Java\javapath;C:\WINDOWS\system32;C:\WINDOWS;C:\WINDOWS\System32\Wbem;C:\WINDOWS\System32\WindowsPowerShell\v1.0\;C:\WINDOWS\System32\OpenSSH\;C:\Program Files\Git\cmd;C:\Program Files (x86)\Tailscale IPN;C:\Program Files\nodejs\;C:\ProgramData\chocolatey\bin;C:\Program Files\MySQL\MySQL Server 8.0\bin;C:\Program Files\Docker\Docker\resources\bin;F:\Programs\Maven\apache-maven-3.8.6-bin\apache-maven-3.8.6\bin;C:\Program Files\MySQL\MySQL Shell 8.0\bin\;C:\Users\MY PC\AppData\Local\Microsoft\WindowsApps;C:\Users\MY PC\AppData\Roaming\npm;C:\Users\MY PC\AppData\Local\Programs\Microsoft VS Code\bin;C:\Program Files (x86)\php-8.1.12-nts-Win32-vs16-x64;;."/>
    <property name="java.vendor" value="Oracle Corporation"/>
    <property name="java.vm.info" value="mixed mode"/>
    <property name="java.vm.version" value="11.0.16.1+1-LTS-1"/>
    <property name="sun.io.unicode.encoding" value="UnicodeLittle"/>
    <property name="java.class.version" value="55.0"/>
  </properties>
  <testcase name="contextLoads" classname="com.swizima.reportengine.ReportEngineApplicationTests" time="0.249"/>
</testsuite>